<?xml version="1.0" encoding="UTF-8"?>
<!-- Generated by org.testng.reporters.JUnitReportReporter -->
<testsuite skipped="0" hostname="BNGLT-9V9P882" name="com.qa.testcases.HomePageTest" tests="2" failures="0" timestamp="26 Dec 2018 12:00:54 GMT" time="9.915" errors="0">
  <testcase name="verifyHomeIconTest" time="9.501" classname="com.qa.testcases.HomePageTest"/>
  <testcase name="verifyListTabTest" time="0.414" classname="com.qa.testcases.HomePageTest"/>
</testsuite> <!-- com.qa.testcases.HomePageTest -->
