<?xml version="1.0" encoding="UTF-8"?>
<!-- Generated by org.testng.reporters.JUnitReportReporter -->
<testsuite skipped="0" hostname="BNGLT-9V9P882" name="com.qa.testcases.STPTesting" tests="1" failures="0" timestamp="22 Jan 2019 09:53:33 GMT" time="183.293" errors="0">
  <testcase name="AllFieldValidation" time="183.293" classname="com.qa.testcases.STPTesting"/>
</testsuite> <!-- com.qa.testcases.STPTesting -->
