<?xml version="1.0" encoding="UTF-8"?>
<!-- Generated by org.testng.reporters.JUnitReportReporter -->
<testsuite skipped="0" hostname="BNGLT-9V9P882" name="com.qa.testcases.STPDetailsVAlidationTest" tests="9" failures="0" timestamp="23 Jan 2019 16:35:23 GMT" time="94.094" errors="0">
  <testcase name="HelpPoupTest" time="64.244" classname="com.qa.testcases.STPDetailsVAlidationTest"/>
  <testcase name="CreateSTPValidateTest" time="7.469" classname="com.qa.testcases.STPDetailsVAlidationTest"/>
  <testcase name="STPDetails" time="11.964" classname="com.qa.testcases.STPDetailsVAlidationTest"/>
  <testcase name="verifyUserNameTest" time="0.119" classname="com.qa.testcases.STPDetailsVAlidationTest"/>
  <testcase name="validateUserLabelTest" time="3.066" classname="com.qa.testcases.STPDetailsVAlidationTest"/>
  <testcase name="verifyDescriptionLabelTest" time="3.247" classname="com.qa.testcases.STPDetailsVAlidationTest"/>
  <testcase name="verifyResourceValidationTest" time="3.023" classname="com.qa.testcases.STPDetailsVAlidationTest"/>
  <testcase name="verifyIntrestingButtonTest" time="0.670" classname="com.qa.testcases.STPDetailsVAlidationTest"/>
  <testcase name="verifyIntrestingSTPSList" time="0.292" classname="com.qa.testcases.STPDetailsVAlidationTest"/>
</testsuite> <!-- com.qa.testcases.STPDetailsVAlidationTest -->
