<?xml version="1.0" encoding="UTF-8"?>
<!-- Generated by org.testng.reporters.JUnitReportReporter -->
<testsuite skipped="0" hostname="BNGLT-9V9P882" name="com.qa.testcases.FileUpload" tests="1" failures="0" timestamp="22 Jan 2019 08:54:11 GMT" time="21.687" errors="0">
  <testcase name="f" time="21.687" classname="com.qa.testcases.FileUpload"/>
</testsuite> <!-- com.qa.testcases.FileUpload -->
