<?xml version="1.0" encoding="UTF-8"?>
<!-- Generated by org.testng.reporters.JUnitReportReporter -->
<testsuite skipped="0" hostname="BNGLT-89KVRF2" name="com.qa.testcases.CreateSTPPagetest" tests="2" failures="0" timestamp="26 Dec 2018 15:09:45 GMT" time="169.482" errors="0">
  <testcase name="MandatoryFieldValidation" time="137.187" classname="com.qa.testcases.CreateSTPPagetest"/>
  <testcase name="HelpTextValidation" time="32.295" classname="com.qa.testcases.CreateSTPPagetest"/>
</testsuite> <!-- com.qa.testcases.CreateSTPPagetest -->
