<?xml version="1.0" encoding="UTF-8"?>
<!-- Generated by org.testng.reporters.JUnitReportReporter -->
<testsuite skipped="0" hostname="BNGLT-9V9P882" name="com.qa.testcases.HomePageTest" tests="2" failures="0" timestamp="08 Jan 2019 10:50:15 GMT" time="55.739" errors="0">
  <testcase name="verifyHomeIconTest" time="55.431" classname="com.qa.testcases.HomePageTest"/>
  <testcase name="verifyListTabTest" time="0.308" classname="com.qa.testcases.HomePageTest"/>
</testsuite> <!-- com.qa.testcases.HomePageTest -->
