<?xml version="1.0" encoding="UTF-8"?>
<!-- Generated by org.testng.reporters.JUnitReportReporter -->
<testsuite skipped="0" hostname="BNGLT-89KVRF2" name="com.qa.testcases.CreateSTPPagetest" tests="2" failures="0" timestamp="24 Dec 2018 14:07:30 GMT" time="43.096" errors="0">
  <testcase name="MandatoryFieldValidation" time="10.486" classname="com.qa.testcases.CreateSTPPagetest"/>
  <testcase name="HelpTextValidation" time="32.610" classname="com.qa.testcases.CreateSTPPagetest"/>
</testsuite> <!-- com.qa.testcases.CreateSTPPagetest -->
