<?xml version="1.0" encoding="UTF-8"?>
<!-- Generated by org.testng.reporters.JUnitReportReporter -->
<testsuite skipped="0" hostname="BNGLT-9V9P882" name="com.qa.testcases.STPTesting" tests="2" failures="0" timestamp="29 Jan 2019 16:33:32 GMT" time="152.922" errors="0">
  <testcase name="DiscardButtonValidation" time="46.899" classname="com.qa.testcases.STPTesting"/>
  <testcase name="MySTPTest" time="106.023" classname="com.qa.testcases.STPTesting"/>
</testsuite> <!-- com.qa.testcases.STPTesting -->
