<?xml version="1.0" encoding="UTF-8"?>
<!-- Generated by org.testng.reporters.JUnitReportReporter -->
<testsuite skipped="0" hostname="BNGLT-9V9P882" name="com.qa.testcases.ListPageTest" tests="2" failures="0" timestamp="30 Jan 2019 12:47:00 GMT" time="39.456" errors="0">
  <testcase name="SearchSTPTest" time="28.169" classname="com.qa.testcases.ListPageTest"/>
  <testcase name="sharebutton" time="11.287" classname="com.qa.testcases.ListPageTest"/>
</testsuite> <!-- com.qa.testcases.ListPageTest -->
