<?xml version="1.0" encoding="UTF-8"?>
<!-- Generated by org.testng.reporters.JUnitReportReporter -->
<testsuite skipped="0" hostname="BNGLT-9V9P882" name="com.qa.testcases.HomePagesTest" tests="1" failures="0" timestamp="26 Dec 2018 11:31:28 GMT" time="1.084" errors="0">
  <testcase name="verifyHomeIconTest" time="1.084" classname="com.qa.testcases.HomePagesTest"/>
</testsuite> <!-- com.qa.testcases.HomePagesTest -->
