<?xml version="1.0" encoding="UTF-8"?>
<!-- Generated by org.testng.reporters.JUnitReportReporter -->
<testsuite skipped="0" hostname="BNGLT-9V9P882" name="com.qa.testcases.STPDetailsVAlidationTest" tests="8" failures="0" timestamp="08 Jan 2019 07:04:54 GMT" time="64.861" errors="0">
  <testcase name="CreateSTPValidateTest" time="41.960" classname="com.qa.testcases.STPDetailsVAlidationTest"/>
  <testcase name="STPDetails" time="11.787" classname="com.qa.testcases.STPDetailsVAlidationTest"/>
  <testcase name="verifyUserNameTest" time="0.653" classname="com.qa.testcases.STPDetailsVAlidationTest"/>
  <testcase name="validateUserLabelTest" time="3.066" classname="com.qa.testcases.STPDetailsVAlidationTest"/>
  <testcase name="verifyDescriptionLabelTest" time="3.055" classname="com.qa.testcases.STPDetailsVAlidationTest"/>
  <testcase name="verifyResourceValidationTest" time="3.025" classname="com.qa.testcases.STPDetailsVAlidationTest"/>
  <testcase name="verifyIntrestingButtonTest" time="0.473" classname="com.qa.testcases.STPDetailsVAlidationTest"/>
  <testcase name="verifyIntrestingSTPSList" time="0.842" classname="com.qa.testcases.STPDetailsVAlidationTest"/>
</testsuite> <!-- com.qa.testcases.STPDetailsVAlidationTest -->
