<?xml version="1.0" encoding="UTF-8"?>
<!-- Generated by org.testng.reporters.JUnitReportReporter -->
<testsuite skipped="0" hostname="BNGLT-9V9P882" name="com.qa.testcases.PostButtonTest" tests="8" failures="0" timestamp="22 Jan 2019 12:13:24 GMT" time="66.538" errors="0">
  <testcase name="AddPostTest" time="22.688" classname="com.qa.testcases.PostButtonTest"/>
  <testcase name="verifyCancelButtonTest" time="2.195" classname="com.qa.testcases.PostButtonTest"/>
  <testcase name="verifyPostPageTest" time="23.054" classname="com.qa.testcases.PostButtonTest"/>
  <testcase name="verifySuccessStoriesIcon" time="2.125" classname="com.qa.testcases.PostButtonTest"/>
  <testcase name="verifySuccessStoryNews" time="0.144" classname="com.qa.testcases.PostButtonTest"/>
  <testcase name="verifyPostbuttonClickAfterSuccessStories" time="4.068" classname="com.qa.testcases.PostButtonTest"/>
  <testcase name="verifySTPToolStory" time="8.869" classname="com.qa.testcases.PostButtonTest"/>
  <testcase name="verifySTPNews" time="3.395" classname="com.qa.testcases.PostButtonTest"/>
</testsuite> <!-- com.qa.testcases.PostButtonTest -->
