<?xml version="1.0" encoding="UTF-8"?>
<!-- Generated by org.testng.reporters.JUnitReportReporter -->
<<<<<<< HEAD
<testsuite skipped="0" hostname="BNGLT-9V9P882" name="com.qa.testcases.HomePageTest" tests="5" failures="0" timestamp="11 Jan 2019 15:44:05 GMT" time="8.227" errors="0">
  <testcase name="HelpPoupTest" time="7.518" classname="com.qa.testcases.HomePageTest"/>
  <testcase name="verifyHomeIconTest" time="0.169" classname="com.qa.testcases.HomePageTest"/>
  <testcase name="verifyListTabTest" time="0.197" classname="com.qa.testcases.HomePageTest"/>
  <testcase name="verifyNetworkTAbTest" time="0.215" classname="com.qa.testcases.HomePageTest"/>
  <testcase name="verifyConnectionTAbTest" time="0.128" classname="com.qa.testcases.HomePageTest"/>
=======
<testsuite skipped="0" hostname="BNGLT-9V9P882" name="com.qa.testcases.HomePageTest" tests="3" failures="0" timestamp="10 Jan 2019 08:32:03 GMT" time="12.850" errors="0">
  <testcase name="verifyHelpPopupTest" time="12.276" classname="com.qa.testcases.HomePageTest"/>
  <testcase name="verifyHomeIconTest" time="0.174" classname="com.qa.testcases.HomePageTest"/>
  <testcase name="verifyListTabTest" time="0.400" classname="com.qa.testcases.HomePageTest"/>
>>>>>>> 498d5684e312d732ead2f54769112ab78b218cc8
</testsuite> <!-- com.qa.testcases.HomePageTest -->
