<?xml version="1.0" encoding="UTF-8"?>
<!-- Generated by org.testng.reporters.JUnitReportReporter -->
<testsuite skipped="0" hostname="BNGLT-89KVRF2" name="com.qa.testcases.ListPageTest" tests="2" failures="0" timestamp="21 Jan 2019 09:18:55 GMT" time="418.007" errors="0">
  <testcase name="SearchSTPTest" time="33.298" classname="com.qa.testcases.ListPageTest"/>
  <testcase name="categoryValidation" time="384.709" classname="com.qa.testcases.ListPageTest"/>
</testsuite> <!-- com.qa.testcases.ListPageTest -->
