<?xml version="1.0" encoding="UTF-8"?>
<!-- Generated by org.testng.reporters.JUnitReportReporter -->
<testsuite skipped="0" hostname="BNGLT-9V9P882" name="com.qa.testcases.HomePageTest" tests="3" failures="0" timestamp="10 Jan 2019 08:32:03 GMT" time="12.850" errors="0">
  <testcase name="verifyHelpPopupTest" time="12.276" classname="com.qa.testcases.HomePageTest"/>
  <testcase name="verifyHomeIconTest" time="0.174" classname="com.qa.testcases.HomePageTest"/>
  <testcase name="verifyListTabTest" time="0.400" classname="com.qa.testcases.HomePageTest"/>
</testsuite> <!-- com.qa.testcases.HomePageTest -->
