<?xml version="1.0" encoding="UTF-8"?>
<!-- Generated by org.testng.reporters.JUnitReportReporter -->
<testsuite skipped="0" hostname="BNGLT-89KVRF2" name="com.qa.testcases.STPTesting" tests="3" failures="0" timestamp="21 Jan 2019 09:18:55 GMT" time="214.625" errors="0">
  <testcase name="HelpTextValidation" time="51.865" classname="com.qa.testcases.STPTesting"/>
  <testcase name="MandatoryFieldValidation" time="60.181" classname="com.qa.testcases.STPTesting"/>
  <testcase name="AllFieldValidation" time="102.579" classname="com.qa.testcases.STPTesting"/>
</testsuite> <!-- com.qa.testcases.STPTesting -->
