<?xml version="1.0" encoding="UTF-8"?>
<!-- Generated by org.testng.reporters.JUnitReportReporter -->
<testsuite skipped="0" hostname="BNGLT-9V9P882" name="com.qa.testcases.ListPageTest" tests="2" failures="0" timestamp="18 Jan 2019 13:10:11 GMT" time="432.723" errors="0">
  <testcase name="SearchSTPTest" time="120.245" classname="com.qa.testcases.ListPageTest"/>
  <testcase name="categoryValidation" time="312.478" classname="com.qa.testcases.ListPageTest"/>
</testsuite> <!-- com.qa.testcases.ListPageTest -->
