<?xml version="1.0" encoding="UTF-8"?>
<!-- Generated by org.testng.reporters.JUnitReportReporter -->
<testsuite skipped="0" hostname="BNGLT-9V9P882" name="com.qa.testcases.PostButtonTest" tests="5" failures="0" timestamp="07 Jan 2019 12:36:19 GMT" time="16.442" errors="0">
  <testcase name="AddPostTest" time="10.609" classname="com.qa.testcases.PostButtonTest"/>
  <testcase name="verifyPostPageTest" time="0.002" classname="com.qa.testcases.PostButtonTest"/>
  <testcase name="verifyPostbuttonClickAfterSuccessStories" time="0.002" classname="com.qa.testcases.PostButtonTest"/>
  <testcase name="verifySTPToolStory" time="5.657" classname="com.qa.testcases.PostButtonTest"/>
  <testcase name="verifySTPToolIcon" time="0.172" classname="com.qa.testcases.PostButtonTest"/>
</testsuite> <!-- com.qa.testcases.PostButtonTest -->
