<?xml version="1.0" encoding="UTF-8"?>
<!-- Generated by org.testng.reporters.JUnitReportReporter -->
<testsuite skipped="0" hostname="BNGLT-9V9P882" name="com.qa.testcases.STPTesting" tests="3" failures="0" timestamp="22 Jan 2019 12:58:20 GMT" time="329.218" errors="0">
  <testcase name="HelpTextValidation" time="53.276" classname="com.qa.testcases.STPTesting"/>
  <testcase name="MandatoryFieldValidation" time="46.886" classname="com.qa.testcases.STPTesting"/>
  <testcase name="AllFieldValidation" time="229.056" classname="com.qa.testcases.STPTesting"/>
</testsuite> <!-- com.qa.testcases.STPTesting -->
