<?xml version="1.0" encoding="UTF-8"?>
<!-- Generated by org.testng.reporters.JUnitReportReporter -->
<testsuite skipped="0" hostname="BNGLT-9V9P882" name="com.qa.testcases.UploadTest" tests="1" failures="0" timestamp="23 Jan 2019 14:21:11 GMT" time="39.723" errors="0">
  <testcase name="f" time="39.723" classname="com.qa.testcases.UploadTest"/>
</testsuite> <!-- com.qa.testcases.UploadTest -->
