<?xml version="1.0" encoding="UTF-8"?>
<!-- Generated by org.testng.reporters.JUnitReportReporter -->
<testsuite skipped="0" hostname="BNGLT-9V9P882" name="com.qa.testcases.STPTesting" tests="3" failures="0" timestamp="18 Jan 2019 12:25:27 GMT" time="232.469" errors="0">
  <testcase name="HelpTextValidation" time="53.441" classname="com.qa.testcases.STPTesting"/>
  <testcase name="MandatoryFieldValidation" time="44.795" classname="com.qa.testcases.STPTesting"/>
  <testcase name="AllFieldValidation" time="134.233" classname="com.qa.testcases.STPTesting"/>
</testsuite> <!-- com.qa.testcases.STPTesting -->
