<?xml version="1.0" encoding="UTF-8"?>
<!-- Generated by org.testng.reporters.JUnitReportReporter -->
<testsuite skipped="0" hostname="BNGLT-89KVRF2" name="com.qa.testcases.HomePageTest" tests="8" failures="0" timestamp="21 Jan 2019 10:01:14 GMT" time="14.227" errors="0">
  <testcase name="verifyHelpPopupTest" time="12.130" classname="com.qa.testcases.HomePageTest"/>
  <testcase name="verifyHomeIconTest" time="0.049" classname="com.qa.testcases.HomePageTest"/>
  <testcase name="verifyListTabTest" time="0.042" classname="com.qa.testcases.HomePageTest"/>
  <testcase name="verifyNetworkTabTest" time="0.037" classname="com.qa.testcases.HomePageTest"/>
  <testcase name="verifyConnectionTabTest" time="0.039" classname="com.qa.testcases.HomePageTest"/>
  <testcase name="verifySuccessStoriesIConTest" time="0.064" classname="com.qa.testcases.HomePageTest"/>
  <testcase name="verifySTPToolIconTest" time="0.045" classname="com.qa.testcases.HomePageTest"/>
  <testcase name="VerifyHelpMark" time="1.821" classname="com.qa.testcases.HomePageTest"/>
</testsuite> <!-- com.qa.testcases.HomePageTest -->
