<?xml version="1.0" encoding="UTF-8"?>
<!-- Generated by org.testng.reporters.JUnitReportReporter -->
<testsuite skipped="0" hostname="BNGLT-9V9P882" name="com.qa.testcases.PostButtonTest" tests="7" failures="0" timestamp="18 Jan 2019 11:05:45 GMT" time="64.537" errors="0">
  <testcase name="AddPostTest" time="22.543" classname="com.qa.testcases.PostButtonTest"/>
  <testcase name="verifyPostPageTest" time="22.894" classname="com.qa.testcases.PostButtonTest"/>
  <testcase name="verifySuccessStoriesIcon" time="2.306" classname="com.qa.testcases.PostButtonTest"/>
  <testcase name="verifySuccessStoryNews" time="0.134" classname="com.qa.testcases.PostButtonTest"/>
  <testcase name="verifyPostbuttonClickAfterSuccessStories" time="4.068" classname="com.qa.testcases.PostButtonTest"/>
  <testcase name="verifySTPToolStory" time="9.281" classname="com.qa.testcases.PostButtonTest"/>
  <testcase name="verifySTPNews" time="3.311" classname="com.qa.testcases.PostButtonTest"/>
</testsuite> <!-- com.qa.testcases.PostButtonTest -->
