<?xml version="1.0" encoding="UTF-8"?>
<!-- Generated by org.testng.reporters.JUnitReportReporter -->
<testsuite skipped="0" hostname="BNGLT-9V9P882" name="com.qa.testcases.ListPageTest" tests="1" failures="0" timestamp="22 Jan 2019 12:24:15 GMT" time="33.141" errors="0">
  <testcase name="SearchSTPTest" time="33.141" classname="com.qa.testcases.ListPageTest"/>
</testsuite> <!-- com.qa.testcases.ListPageTest -->
