<?xml version="1.0" encoding="UTF-8"?>
<!-- Generated by org.testng.reporters.JUnitReportReporter -->
<testsuite skipped="0" hostname="BNGLT-9V9P882" name="com.qa.testcases.HomePageTest" tests="5" failures="0" timestamp="11 Jan 2019 15:44:05 GMT" time="8.227" errors="0">
  <testcase name="HelpPoupTest" time="7.518" classname="com.qa.testcases.HomePageTest"/>
  <testcase name="verifyHomeIconTest" time="0.169" classname="com.qa.testcases.HomePageTest"/>
  <testcase name="verifyListTabTest" time="0.197" classname="com.qa.testcases.HomePageTest"/>
  <testcase name="verifyNetworkTAbTest" time="0.215" classname="com.qa.testcases.HomePageTest"/>
  <testcase name="verifyConnectionTAbTest" time="0.128" classname="com.qa.testcases.HomePageTest"/>
</testsuite> <!-- com.qa.testcases.HomePageTest -->
