<?xml version="1.0" encoding="UTF-8"?>
<!-- Generated by org.testng.reporters.JUnitReportReporter -->
<testsuite skipped="0" hostname="BNGLT-9V9P882" name="com.qa.testcases.HomePageTest" tests="5" failures="0" timestamp="11 Jan 2019 09:53:08 GMT" time="10.621" errors="0">
  <testcase name="HelpPoupTest" time="10.055" classname="com.qa.testcases.HomePageTest"/>
  <testcase name="verifyHomeIconTest" time="0.098" classname="com.qa.testcases.HomePageTest"/>
  <testcase name="verifyListTabTest" time="0.163" classname="com.qa.testcases.HomePageTest"/>
  <testcase name="verifyNetworkTAbTest" time="0.165" classname="com.qa.testcases.HomePageTest"/>
  <testcase name="verifyConnectionTAbTest" time="0.140" classname="com.qa.testcases.HomePageTest"/>
</testsuite> <!-- com.qa.testcases.HomePageTest -->
