<?xml version="1.0" encoding="UTF-8"?>
<!-- Generated by org.testng.reporters.JUnitReportReporter -->
<testsuite skipped="0" hostname="BNGLT-9V9P882" name="com.qa.testcases.PostButtonTest" tests="5" failures="0" timestamp="09 Jan 2019 10:26:48 GMT" time="20.841" errors="0">
  <testcase name="AddPostTest" time="15.043" classname="com.qa.testcases.PostButtonTest"/>
  <testcase name="verifyPostPageTest" time="0.004" classname="com.qa.testcases.PostButtonTest"/>
  <testcase name="verifyPostbuttonClickAfterSuccessStories" time="0.002" classname="com.qa.testcases.PostButtonTest"/>
  <testcase name="verifySTPToolStory" time="5.482" classname="com.qa.testcases.PostButtonTest"/>
  <testcase name="verifySTPToolIcon" time="0.310" classname="com.qa.testcases.PostButtonTest"/>
</testsuite> <!-- com.qa.testcases.PostButtonTest -->
