<?xml version="1.0" encoding="UTF-8"?>
<!-- Generated by org.testng.reporters.JUnitReportReporter -->
<testsuite skipped="0" hostname="BNGLT-9V9P882" name="com.qa.testcases.PostButtonTest" tests="6" failures="0" timestamp="11 Jan 2019 12:26:00 GMT" time="16.034" errors="0">
  <testcase name="HelpPoupTest" time="10.747" classname="com.qa.testcases.PostButtonTest"/>
  <testcase name="AddPostTest" time="0.673" classname="com.qa.testcases.PostButtonTest"/>
  <testcase name="verifyPostPageTest" time="0.004" classname="com.qa.testcases.PostButtonTest"/>
  <testcase name="verifyPostbuttonClickAfterSuccessStories" time="0.002" classname="com.qa.testcases.PostButtonTest"/>
  <testcase name="verifySTPToolStory" time="4.150" classname="com.qa.testcases.PostButtonTest"/>
  <testcase name="verifySTPToolIcon" time="0.458" classname="com.qa.testcases.PostButtonTest"/>
</testsuite> <!-- com.qa.testcases.PostButtonTest -->
